# JRE version: OpenJDK Runtime Environment (8.0_242-b01) (build 1.8.0_242-release-1644-b01)
# Java VM: OpenJDK 64-Bit Server VM (25.242-b01 mixed mode windows-amd64 compressed oops)
Heap:
 PSYoungGen      total 404992K, used 335804K [0x00000000d5580000, 0x00000000f7900000, 0x0000000100000000)
  eden space 355328K, 94% used [0x00000000d5580000,0x00000000e9d95428,0x00000000eb080000)
  from space 49664K, 0% used [0x00000000efc80000,0x00000000efc80000,0x00000000f2d00000)
  to   space 77824K, 0% used [0x00000000eb080000,0x00000000eb080000,0x00000000efc80000)
 ParOldGen       total 209408K, used 116728K [0x0000000080000000, 0x000000008cc80000, 0x00000000d5580000)
  object space 209408K, 55% used [0x0000000080000000,0x00000000871fe390,0x000000008cc80000)
 Metaspace       used 88129K, capacity 92512K, committed 92568K, reserved 1128448K
  class space    used 11810K, capacity 12664K, committed 12720K, reserved 1048576K
GC Heap History (10 events):
Event: 52.674 GC heap before
{Heap before GC invocations=17 (full 3):
 PSYoungGen      total 276992K, used 276782K [0x00000000d5580000, 0x00000000ecd80000, 0x0000000100000000)
  eden space 255488K, 99% used [0x00000000d5580000,0x00000000e4ed3800,0x00000000e4f00000)
  from space 21504K, 99% used [0x00000000e4f00000,0x00000000e63f8200,0x00000000e6400000)
  to   space 26112K, 0% used [0x00000000eb400000,0x00000000eb400000,0x00000000ecd80000)
 ParOldGen       total 78336K, used 39255K [0x0000000080000000, 0x0000000084c80000, 0x00000000d5580000)
  object space 78336K, 50% used [0x0000000080000000,0x0000000082655e88,0x0000000084c80000)
 Metaspace       used 78398K, capacity 82624K, committed 82968K, reserved 1120256K
  class space    used 10898K, capacity 11722K, committed 11824K, reserved 1048576K
Event: 53.232 GC heap after
Heap after GC invocations=17 (full 3):
 PSYoungGen      total 342016K, used 26109K [0x00000000d5580000, 0x00000000efc80000, 0x0000000100000000)
  eden space 315904K, 0% used [0x00000000d5580000,0x00000000d5580000,0x00000000e8a00000)
  from space 26112K, 99% used [0x00000000eb400000,0x00000000ecd7f4e8,0x00000000ecd80000)
  to   space 43008K, 0% used [0x00000000e8a00000,0x00000000e8a00000,0x00000000eb400000)
 ParOldGen       total 78336K, used 73392K [0x0000000080000000, 0x0000000084c80000, 0x00000000d5580000)
  object space 78336K, 93% used [0x0000000080000000,0x00000000847ac2b0,0x0000000084c80000)
 Metaspace       used 78398K, capacity 82624K, committed 82968K, reserved 1120256K
  class space    used 10898K, capacity 11722K, committed 11824K, reserved 1048576K
}
Event: 53.240 GC heap before
{Heap before GC invocations=18 (full 4):
 PSYoungGen      total 342016K, used 26109K [0x00000000d5580000, 0x00000000efc80000, 0x0000000100000000)
  eden space 315904K, 0% used [0x00000000d5580000,0x00000000d5580000,0x00000000e8a00000)
  from space 26112K, 99% used [0x00000000eb400000,0x00000000ecd7f4e8,0x00000000ecd80000)
  to   space 43008K, 0% used [0x00000000e8a00000,0x00000000e8a00000,0x00000000eb400000)
 ParOldGen       total 78336K, used 73392K [0x0000000080000000, 0x0000000084c80000, 0x00000000d5580000)
  object space 78336K, 93% used [0x0000000080000000,0x00000000847ac2b0,0x0000000084c80000)
 Metaspace       used 78398K, capacity 82624K, committed 82968K, reserved 1120256K
  class space    used 10898K, capacity 11722K, committed 11824K, reserved 1048576K
Event: 56.196 GC heap after
Heap after GC invocations=18 (full 4):
 PSYoungGen      total 342016K, used 9110K [0x00000000d5580000, 0x00000000efc80000, 0x0000000100000000)
  eden space 315904K, 0% used [0x00000000d5580000,0x00000000d5580000,0x00000000e8a00000)
  from space 26112K, 34% used [0x00000000eb400000,0x00000000ebce5960,0x00000000ecd80000)
  to   space 43008K, 0% used [0x00000000e8a00000,0x00000000e8a00000,0x00000000eb400000)
 ParOldGen       total 143360K, used 77860K [0x0000000080000000, 0x0000000088c00000, 0x00000000d5580000)
  object space 143360K, 54% used [0x0000000080000000,0x0000000084c092e0,0x0000000088c00000)
 Metaspace       used 78330K, capacity 82422K, committed 82968K, reserved 1120256K
  class space    used 10876K, capacity 11683K, committed 11824K, reserved 1048576K
}
Event: 109.328 GC heap before
{Heap before GC invocations=19 (full 4):
 PSYoungGen      total 342016K, used 325014K [0x00000000d5580000, 0x00000000efc80000, 0x0000000100000000)
  eden space 315904K, 100% used [0x00000000d5580000,0x00000000e8a00000,0x00000000e8a00000)
  from space 26112K, 34% used [0x00000000eb400000,0x00000000ebce5960,0x00000000ecd80000)
  to   space 43008K, 0% used [0x00000000e8a00000,0x00000000e8a00000,0x00000000eb400000)
 ParOldGen       total 143360K, used 77860K [0x0000000080000000, 0x0000000088c00000, 0x00000000d5580000)
  object space 143360K, 54% used [0x0000000080000000,0x0000000084c092e0,0x0000000088c00000)
 Metaspace       used 86801K, capacity 91072K, committed 91288K, reserved 1128448K
  class space    used 11782K, capacity 12630K, committed 12720K, reserved 1048576K
Event: 109.752 GC heap after
Heap after GC invocations=19 (full 4):
 PSYoungGen      total 358912K, used 40960K [0x00000000d5580000, 0x00000000f2d00000, 0x0000000100000000)
  eden space 315904K, 0% used [0x00000000d5580000,0x00000000d5580000,0x00000000e8a00000)
  from space 43008K, 95% used [0x00000000e8a00000,0x00000000eb2003e0,0x00000000eb400000)
  to   space 49664K, 0% used [0x00000000efc80000,0x00000000efc80000,0x00000000f2d00000)
 ParOldGen       total 143360K, used 90564K [0x0000000080000000, 0x0000000088c00000, 0x00000000d5580000)
  object space 143360K, 63% used [0x0000000080000000,0x00000000858710f0,0x0000000088c00000)
 Metaspace       used 86801K, capacity 91072K, committed 91288K, reserved 1128448K
  class space    used 11782K, capacity 12630K, committed 12720K, reserved 1048576K
}
Event: 119.424 GC heap before
{Heap before GC invocations=20 (full 4):
 PSYoungGen      total 358912K, used 356864K [0x00000000d5580000, 0x00000000f2d00000, 0x0000000100000000)
  eden space 315904K, 100% used [0x00000000d5580000,0x00000000e8a00000,0x00000000e8a00000)
  from space 43008K, 95% used [0x00000000e8a00000,0x00000000eb2003e0,0x00000000eb400000)
  to   space 49664K, 0% used [0x00000000efc80000,0x00000000efc80000,0x00000000f2d00000)
 ParOldGen       total 143360K, used 90564K [0x0000000080000000, 0x0000000088c00000, 0x00000000d5580000)
  object space 143360K, 63% used [0x0000000080000000,0x00000000858710f0,0x0000000088c00000)
 Metaspace       used 87407K, capacity 91752K, committed 92056K, reserved 1128448K
  class space    used 11795K, capacity 12642K, committed 12720K, reserved 1048576K
Event: 120.433 GC heap after
Heap after GC invocations=20 (full 4):
 PSYoungGen      total 404992K, used 49638K [0x00000000d5580000, 0x00000000f7900000, 0x0000000100000000)
  eden space 355328K, 0% used [0x00000000d5580000,0x00000000d5580000,0x00000000eb080000)
  from space 49664K, 99% used [0x00000000efc80000,0x00000000f2cf9a48,0x00000000f2d00000)
  to   space 77824K, 0% used [0x00000000eb080000,0x00000000eb080000,0x00000000efc80000)
 ParOldGen       total 143360K, used 142323K [0x0000000080000000, 0x0000000088c00000, 0x00000000d5580000)
  object space 143360K, 99% used [0x0000000080000000,0x0000000088afcf30,0x0000000088c00000)
 Metaspace       used 87407K, capacity 91752K, committed 92056K, reserved 1128448K
  class space    used 11795K, capacity 12642K, committed 12720K, reserved 1048576K
}
Event: 120.434 GC heap before
{Heap before GC invocations=21 (full 5):
 PSYoungGen      total 404992K, used 49638K [0x00000000d5580000, 0x00000000f7900000, 0x0000000100000000)
  eden space 355328K, 0% used [0x00000000d5580000,0x00000000d5580000,0x00000000eb080000)
  from space 49664K, 99% used [0x00000000efc80000,0x00000000f2cf9a48,0x00000000f2d00000)
  to   space 77824K, 0% used [0x00000000eb080000,0x00000000eb080000,0x00000000efc80000)
 ParOldGen       total 143360K, used 142323K [0x0000000080000000, 0x0000000088c00000, 0x00000000d5580000)
  object space 143360K, 99% used [0x0000000080000000,0x0000000088afcf30,0x0000000088c00000)
 Metaspace       used 87407K, capacity 91752K, committed 92056K, reserved 1128448K
  class space    used 11795K, capacity 12642K, committed 12720K, reserved 1048576K
Event: 122.817 GC heap after
Heap after GC invocations=21 (full 5):
 PSYoungGen      total 404992K, used 0K [0x00000000d5580000, 0x00000000f7900000, 0x0000000100000000)
  eden space 355328K, 0% used [0x00000000d5580000,0x00000000d5580000,0x00000000eb080000)
  from space 49664K, 0% used [0x00000000efc80000,0x00000000efc80000,0x00000000f2d00000)
  to   space 77824K, 0% used [0x00000000eb080000,0x00000000eb080000,0x00000000efc80000)
 ParOldGen       total 209408K, used 116728K [0x0000000080000000, 0x000000008cc80000, 0x00000000d5580000)
  object space 209408K, 55% used [0x0000000080000000,0x00000000871fe390,0x000000008cc80000)
 Metaspace       used 87393K, capacity 91714K, committed 92056K, reserved 1128448K
  class space    used 11790K, capacity 12633K, committed 12720K, reserved 1048576K
}

